20220926	15:07:56	476971e5-1e9e-4173-a9e7-247b6682987a	Error: Firebase ID token has expired. Get a fresh ID token from your client app and try again (auth/id-token-expired). See https://firebase.google.com/docs/auth/admin/verify-id-tokens for details on how to retrieve an ID token.	POST	/api/current-user	http://localhost:3000
20220926	15:08:02	d2d6abcd-f306-431e-b839-1007ccbc3ffa	Error: Firebase ID token has expired. Get a fresh ID token from your client app and try again (auth/id-token-expired). See https://firebase.google.com/docs/auth/admin/verify-id-tokens for details on how to retrieve an ID token.	POST	/api/current-user	http://localhost:3000
20220926	15:08:41	25a7c10c-b2c4-43e2-9f63-f13d1e083393	Error: Firebase ID token has expired. Get a fresh ID token from your client app and try again (auth/id-token-expired). See https://firebase.google.com/docs/auth/admin/verify-id-tokens for details on how to retrieve an ID token.	POST	/api/create-or-update-user	http://localhost:3000
20220926	15:08:41	71697a8d-af71-4e74-8f63-2ee517a166e0	Error: Firebase ID token has expired. Get a fresh ID token from your client app and try again (auth/id-token-expired). See https://firebase.google.com/docs/auth/admin/verify-id-tokens for details on how to retrieve an ID token.	POST	/api/current-user	http://localhost:3000
20220926	15:08:41	d37bedb8-cb2c-447d-b49b-8e000dadca88	Error: Firebase ID token has expired. Get a fresh ID token from your client app and try again (auth/id-token-expired). See https://firebase.google.com/docs/auth/admin/verify-id-tokens for details on how to retrieve an ID token.	GET	/api/user/orders	http://localhost:3000
20220926	15:09:25	21cb089c-2043-4064-9813-df291ff36613	Error: Firebase ID token has invalid signature. See https://firebase.google.com/docs/auth/admin/verify-id-tokens for details on how to retrieve an ID token.	POST	/api/current-user	http://localhost:3000
20220926	15:09:26	931f33b5-a57b-4240-9024-af8458b40dd9	Error: Firebase ID token has invalid signature. See https://firebase.google.com/docs/auth/admin/verify-id-tokens for details on how to retrieve an ID token.	GET	/api/user/orders	http://localhost:3000
20220926	15:09:28	05fc720b-d292-419f-9c64-feebd05aab14	Error: Firebase ID token has invalid signature. See https://firebase.google.com/docs/auth/admin/verify-id-tokens for details on how to retrieve an ID token.	POST	/api/current-user	http://localhost:3000
20220926	15:09:40	4c3a4da0-63d4-4efa-ae88-c078270bae5f	Error: Firebase ID token has invalid signature. See https://firebase.google.com/docs/auth/admin/verify-id-tokens for details on how to retrieve an ID token.	POST	/api/current-user	http://localhost:3000
20220926	15:09:40	67fd1117-9789-41a5-b448-7d8400a97207	Error: Firebase ID token has invalid signature. See https://firebase.google.com/docs/auth/admin/verify-id-tokens for details on how to retrieve an ID token.	POST	/api/create-or-update-user	http://localhost:3000
20220926	15:09:41	ebfd38c7-6702-4475-97cc-7ea2e54d8267	Error: Firebase ID token has invalid signature. See https://firebase.google.com/docs/auth/admin/verify-id-tokens for details on how to retrieve an ID token.	GET	/api/user/orders	http://localhost:3000
20220926	15:13:06	2741a1a4-7154-4486-9ba9-f912e0088ce9	ReferenceError: fakeToken is not defined	POST	/api/current-user	http://localhost:3000
20220926	15:13:18	b68a840f-70b7-4015-8af8-ac7a5f1ef466	ReferenceError: fakeToken is not defined	POST	/api/current-user	http://localhost:3000
20220926	15:13:18	1414e070-c1f2-43f7-83b9-cd304f3f1efb	ReferenceError: fakeToken is not defined	POST	/api/create-or-update-user	http://localhost:3000
20220926	15:13:19	df2ad262-817f-4c80-853c-2e051e14555a	ReferenceError: fakeToken is not defined	GET	/api/user/orders	http://localhost:3000
20220926	15:18:31	a803028c-73d7-49b8-a618-8b3831f708c2	Error: Firebase ID token has invalid signature. See https://firebase.google.com/docs/auth/admin/verify-id-tokens for details on how to retrieve an ID token.	POST	/api/current-user	http://localhost:3000
20220926	15:18:31	a08b67c4-48b7-4cc6-9415-1385e2cd2161	Error: Firebase ID token has invalid signature. See https://firebase.google.com/docs/auth/admin/verify-id-tokens for details on how to retrieve an ID token.	POST	/api/create-or-update-user	http://localhost:3000
20220926	15:18:31	f9aed9ee-509c-47e2-9737-dca5c87870f4	Error: Firebase ID token has invalid signature. See https://firebase.google.com/docs/auth/admin/verify-id-tokens for details on how to retrieve an ID token.	GET	/api/user/orders	http://localhost:3000
20220926	15:19:18	8bf61f71-842d-4d60-b435-f9c640718a9b	Error: Firebase ID token has invalid signature. See https://firebase.google.com/docs/auth/admin/verify-id-tokens for details on how to retrieve an ID token.	POST	/api/current-user	http://localhost:3000
20220926	15:19:36	bd0e17eb-d9c7-4d65-b118-3c79ddf95bfd	Error: Firebase ID token has invalid signature. See https://firebase.google.com/docs/auth/admin/verify-id-tokens for details on how to retrieve an ID token.	POST	/api/create-or-update-user	http://localhost:3000
20220926	15:23:54	8a4f3738-48a0-4867-bab6-a8c93446f2f0	Error: Firebase ID token has invalid signature. See https://firebase.google.com/docs/auth/admin/verify-id-tokens for details on how to retrieve an ID token.	POST	/api/current-user	http://localhost:3000
