20220924	07:50:39	0d062387-17f5-44dd-8934-1dc51423cbb1	OPTIONS	/api/products	http://localhost:3000
20220924	07:50:39	eb4e57ec-1925-422f-8dd6-f65a8d5386eb	GET	/api/products/total	http://localhost:3000
20220924	07:50:39	39386b23-0692-4394-94e5-4dd88f0f50dd	OPTIONS	/api/products	http://localhost:3000
20220924	07:50:39	23b272d1-c1e5-4edf-9597-9b69d97e23d1	GET	/api/categories	http://localhost:3000
20220924	07:50:39	749792db-6b4d-4677-b42f-1635f23ed291	GET	/api/subs	http://localhost:3000
20220924	07:50:39	60ad7c96-6f3d-4772-bcfa-d1fc7fdbf79b	GET	/api/products/total	http://localhost:3000
20220924	07:51:07	a0cb480e-8678-47e8-a259-1d262a4e408c	GET	/api/products/12	http://localhost:3000
20220924	07:51:07	c9506d49-ef08-4efd-af46-f58143589610	GET	/api/categories	http://localhost:3000
20220924	07:51:07	a2239c8e-758b-48f8-8dc5-7f8b4cf31415	GET	/api/subs	http://localhost:3000
20220924	07:51:07	3b46814e-f4cf-4375-929f-c5eb7c9fc4fd	OPTIONS	/api/search/filters	http://localhost:3000
20220924	07:51:08	46be2c34-45e3-474f-b9fc-3d64f0a8cefe	OPTIONS	/api/search/filters	http://localhost:3000
20220924	07:51:08	2e6dd05e-de1c-40eb-addd-f56e82c22845	GET	/api/products/12	http://localhost:3000
20220924	07:51:19	945bfa1b-656a-4414-aa32-f2e3add9fe16	GET	/api/products/12	http://localhost:3000
20220924	07:51:19	b738a7fd-0413-4931-890e-58e51c01fe42	GET	/api/categories	http://localhost:3000
20220924	07:51:19	82bfa0e3-90d8-4afa-947e-a78dc0e4c8e3	OPTIONS	/api/search/filters	http://localhost:3000
20220924	07:51:19	a6e5d524-c31a-4455-ab59-5c07b0f49b62	GET	/api/subs	http://localhost:3000
20220924	07:51:20	f593165d-72f6-4da7-a08c-6f348d97ed50	OPTIONS	/api/search/filters	http://localhost:3000
20220924	07:51:20	bf163f7c-6bff-4f09-af7f-c995e6926c3b	GET	/api/products/12	http://localhost:3000
20220924	07:51:20	cb17ead1-6337-4f17-8072-8151d91de9dd	OPTIONS	/api/search/filters	http://localhost:3000
20220924	07:51:21	ad2d1c51-316b-47d4-bde9-444db0e93890	OPTIONS	/api/search/filters	http://localhost:3000
20220924	07:51:23	eacfc304-c567-4e66-bc7f-924dc1558350	OPTIONS	/api/search/filters	http://localhost:3000
20220924	07:51:23	cfdc72dc-8f5c-4fac-bc11-035b568c6da3	GET	/api/products/12	http://localhost:3000
20220924	07:51:24	9f2169b1-9bcc-487d-a2d3-aeb97114cc7c	OPTIONS	/api/products	http://localhost:3000
20220924	07:51:24	864da5d6-12b4-4f5e-b2c5-e3c5d0382cd1	GET	/api/products/total	http://localhost:3000
20220924	07:51:24	8545204c-c53b-42b9-935c-1344cab4cd18	OPTIONS	/api/products	http://localhost:3000
20220924	07:51:24	583fc00f-52a9-44a7-8556-4f46bc62ed22	GET	/api/categories	http://localhost:3000
20220924	07:51:24	4ed3703b-5942-4529-92b5-7be760f4687b	GET	/api/products/total	http://localhost:3000
20220924	07:51:24	25436f25-f693-42b8-90c5-c3ae6a0a3725	GET	/api/subs	http://localhost:3000
20220924	08:28:52	fbb53cf6-0924-48a0-8960-fb93403b8193	OPTIONS	/api/products	http://localhost:3000
20220924	08:28:52	84490301-4d11-4ebb-b92d-bf3ff2c7902e	GET	/api/products/total	http://localhost:3000
20220924	08:28:52	3dc6fdf0-f6c1-45aa-8228-192b5e0fb21a	OPTIONS	/api/products	http://localhost:3000
20220924	08:28:52	d546fd37-305f-48b8-94f8-ccdda0c297e8	GET	/api/categories	http://localhost:3000
20220924	08:28:52	096a8762-0f51-4c10-b793-f6cf912e425d	GET	/api/subs	http://localhost:3000
20220924	08:28:52	36621f58-1b34-4b38-a9f7-7b779a6023bb	GET	/api/products/total	http://localhost:3000
20220925	15:41:08	762f8702-7979-418f-89b6-467b153694aa	OPTIONS	/api/current-user	http://localhost:3000
20220925	15:41:08	fb8453b9-5000-428d-8437-30373305a0ea	OPTIONS	/api/current-user	http://localhost:3000
20220925	15:48:01	6ff94f3f-d2a1-4b00-a13b-b79ced7ce9f4	OPTIONS	/api/current-user	http://localhost:3000
20220925	15:49:09	2fe066ad-86b0-4a7a-babc-0ca66e1634a6	OPTIONS	/api/current-user	http://localhost:3000
20220925	15:49:10	af44026d-5c61-4776-b008-e0db34748871	OPTIONS	/api/current-user	http://localhost:3000
20220925	15:56:05	88ad2ae6-89f6-47b1-9a98-bca96beefeea	OPTIONS	/api/current-user	http://localhost:3000
20220925	15:56:05	3f14b172-f73a-431e-9810-215add735165	OPTIONS	/api/current-user	http://localhost:3000
20220925	15:56:06	3b8a18d7-1f0d-48c4-a856-bde8e4780240	OPTIONS	/api/create-or-update-user	http://localhost:3000
20220925	15:56:06	eff7fc7d-996b-4226-a82d-e15a3b2b044b	OPTIONS	/api/products	http://localhost:3000
20220925	15:56:06	cb579fad-d0b0-468d-b843-eeb1320a32d1	GET	/api/products/total	http://localhost:3000
20220925	15:56:06	981fb988-e98b-43f6-a37e-e174812fbcdf	GET	/api/categories	http://localhost:3000
20220925	15:56:06	320faaa0-28f3-4ead-b5a3-998f33eb4353	GET	/api/subs	http://localhost:3000
20220925	15:56:06	ea4dc78a-be84-4b2c-a8e1-166d63c4614f	GET	/api/products/total	http://localhost:3000
20220925	15:56:06	8b2ba985-f235-40f0-9b46-b3ead4d63bc0	OPTIONS	/api/products	http://localhost:3000
20220925	16:01:47	c03a1487-e63b-4907-848c-5091fa099a3d	OPTIONS	/api/products	http://localhost:3000
20220925	16:01:47	5c094a7a-acfb-406e-bcaa-039b6ef9c089	GET	/api/categories	http://localhost:3000
20220925	16:01:47	5b16847c-9f56-4859-ad58-1416f918a2a8	GET	/api/subs	http://localhost:3000
20220925	16:01:47	202fcde9-1a3e-4825-8a80-f75ba5535b15	OPTIONS	/api/products	http://localhost:3000
20220925	16:01:47	5b0ffc4a-6187-432c-939a-5ee6291a9fc1	GET	/api/products/total	http://localhost:3000
20220925	16:01:47	9f41a652-bfbf-4b5b-bd9e-f2ccc937557c	GET	/api/products/total	http://localhost:3000
20220925	16:01:48	329adb3d-a327-480b-8be6-306e6decbb36	OPTIONS	/api/current-user	http://localhost:3000
20220925	16:02:20	2d3d610c-9eb7-4915-bd08-382c4507bb68	OPTIONS	/api/current-user	http://localhost:3000
20220925	16:07:57	3362424b-4ac8-4afa-a75d-0f010c73a7cc	OPTIONS	/api/current-user	http://localhost:3000
20220925	16:07:58	e8ce5ab6-e879-4310-a2b2-fbb2abd978c4	OPTIONS	/api/current-user	http://localhost:3000
20220925	16:07:58	7656a0e4-cbaf-4a2c-aa9f-9441688ffb6f	OPTIONS	/api/create-or-update-user	http://localhost:3000
20220925	16:07:58	fb53b7bd-57e2-4751-af6d-16568f7dda69	OPTIONS	/api/products	http://localhost:3000
20220925	16:07:58	d33ffb50-dfca-44f2-864c-df8e6adea8b9	GET	/api/products/total	http://localhost:3000
20220925	16:07:58	ac12f81b-0015-4b71-96b0-107e83cea81c	OPTIONS	/api/products	http://localhost:3000
20220925	16:07:58	8925c6f8-37e7-4f03-bab9-b143df0a8bb1	GET	/api/categories	http://localhost:3000
20220925	16:07:58	fd656e8a-0eb3-41df-a081-e38ba89f231b	GET	/api/subs	http://localhost:3000
20220925	16:07:58	d007aac4-6da5-447d-b9b0-fc5815761066	GET	/api/products/total	http://localhost:3000
20220925	16:09:54	a6b48f4c-3aaa-4476-914f-6bcc416810e4	OPTIONS	/api/products	http://localhost:3000
20220925	16:09:54	45272df6-7e38-428b-8bc8-b44120a4d537	GET	/api/products/total	http://localhost:3000
20220925	16:09:54	35e44929-ec08-4d42-a276-97b9b561dd77	OPTIONS	/api/products	http://localhost:3000
20220925	16:09:54	f3126fe3-3e8a-4e46-bdbb-76c8c4b56594	GET	/api/categories	http://localhost:3000
20220925	16:09:54	8df9b259-ad6b-44d4-a2f4-48c64d1f78b5	GET	/api/subs	http://localhost:3000
20220925	16:09:54	b3470933-829b-436c-bfe0-af85b51cbe7e	GET	/api/products/total	http://localhost:3000
20220925	16:09:55	ea5496c2-3f9d-4c4a-9a42-5171af8383c0	OPTIONS	/api/current-user	http://localhost:3000
20220925	16:11:28	25b258b8-9123-4b80-9f42-5eb0cc10016e	OPTIONS	/api/current-user	http://localhost:3000
20220925	16:11:28	a91acf0a-db5a-4f52-b291-6cb3a615c4e3	POST	/api/current-user	http://localhost:3000
20220925	16:11:29	804a5456-36dd-47fe-b36b-937f8c6c75cf	OPTIONS	/api/create-or-update-user	http://localhost:3000
20220925	16:11:29	cb029314-48c0-44f3-9fcb-053132bf7b73	POST	/api/create-or-update-user	http://localhost:3000
20220925	16:11:29	62e0488c-075a-49ef-abb6-3c3122882fb1	OPTIONS	/api/products	http://localhost:3000
20220925	16:11:29	fbe18204-480e-4f9b-9398-92d3da07ce83	POST	/api/products	http://localhost:3000
20220925	16:11:29	1b294fec-2e02-4e5b-8fc4-100d4426f5c0	GET	/api/products/total	http://localhost:3000
20220925	16:11:29	5120269c-3e54-4bd6-9b3f-883582c58b3d	OPTIONS	/api/products	http://localhost:3000
20220925	16:11:29	d0b46179-efc5-40bd-8f88-12c623c22549	GET	/api/categories	http://localhost:3000
20220925	16:11:29	9fb7492c-ac45-4509-9737-ec39db9d8a0d	GET	/api/subs	http://localhost:3000
20220925	16:11:29	8b1b08a8-efeb-4579-bbdc-1bef8300ad14	POST	/api/products	http://localhost:3000
20220925	16:11:29	21171f33-fa3a-443e-b466-511bf9492a01	GET	/api/products/total	http://localhost:3000
20220925	16:11:29	21442587-9b05-4c96-8c28-3f6c0a2c0450	POST	/api/current-user	http://localhost:3000
20220925	16:38:01	c67090a2-45e8-4c93-b9e7-90902520ba5f	OPTIONS	/api/current-user	http://localhost:3000
20220925	16:38:01	2bdc20b1-7f97-4d4e-8aab-c8023b280cb2	POST	/api/current-user	http://localhost:3000
20220925	16:38:01	df4993a0-7878-48c5-bd5e-f906c321777b	POST	/api/current-user	http://localhost:3000
20220925	16:38:02	958f26fc-62c9-43a6-ad2e-64e02e428588	OPTIONS	/api/create-or-update-user	http://localhost:3000
20220925	16:38:02	6a18b4d6-dbfd-4ffa-91aa-255640d452c1	POST	/api/create-or-update-user	http://localhost:3000
20220925	16:38:02	66636317-2b7f-434b-a837-60a053753604	OPTIONS	/api/products	http://localhost:3000
20220925	16:38:02	2cbe02c4-609a-45bc-bbc4-6291faa0c386	OPTIONS	/api/products	http://localhost:3000
20220925	16:38:02	e92aa745-cbf1-416d-b4fd-1e3bb292c288	POST	/api/products	http://localhost:3000
20220925	16:38:02	c3c14566-f6a4-4885-a552-9964fb1cdf75	POST	/api/products	http://localhost:3000
20220925	16:38:02	218ddfd4-d756-40c9-8035-51dadd63bc5f	GET	/api/products/total	http://localhost:3000
20220925	16:38:02	f0726aed-c32f-461e-b44d-b68cb2dd6ab8	GET	/api/categories	http://localhost:3000
20220925	16:38:02	363bbd30-874b-4376-a85d-cbfc375f35c4	GET	/api/subs	http://localhost:3000
20220925	16:38:02	0f029307-8371-4732-99c0-047ed37dfe9a	GET	/api/products/total	http://localhost:3000
20220925	16:41:43	e0623c67-e3a4-4d46-b754-853ff5b7efb1	OPTIONS	/api/current-user	http://localhost:3000
20220925	16:41:43	e4a9a2b2-fa4e-4028-86b0-97eb67468cf9	POST	/api/current-user	http://localhost:3000
20220925	16:41:44	b5bcfc0b-782b-4098-bf20-35ec58d43ff0	POST	/api/current-user	http://localhost:3000
20220925	16:41:44	ed4457f1-47d6-4b8b-8b33-f26f3069f893	OPTIONS	/api/create-or-update-user	http://localhost:3000
20220925	16:41:44	918db819-4645-4cd5-9860-b2db000ff8de	POST	/api/create-or-update-user	http://localhost:3000
20220925	16:41:44	04c1b1e1-ebca-4a79-a96d-f180496e7a12	OPTIONS	/api/products	http://localhost:3000
20220925	16:41:44	81d4746b-b13d-4e2b-8230-2b188219545a	GET	/api/categories	http://localhost:3000
20220925	16:41:44	1753f425-9e03-4094-9ffe-8fd1435a7721	OPTIONS	/api/products	http://localhost:3000
20220925	16:41:44	44414e4a-3e29-4b19-97b7-ba8cdf2680ff	GET	/api/products/total	http://localhost:3000
20220925	16:41:44	46c579ce-49c3-4dab-a096-45a53f5ee523	GET	/api/subs	http://localhost:3000
20220925	16:41:44	da47da0e-0602-433f-b6d2-9908e1bbc5c2	POST	/api/products	http://localhost:3000
20220925	16:41:44	bb1590f4-4b2c-43b2-bd78-b5520a59178f	POST	/api/products	http://localhost:3000
20220925	16:41:44	2e4ff285-6aae-47eb-bab2-37f7dd9436fe	GET	/api/products/total	http://localhost:3000
20220926	09:17:54	1477a8d0-e9af-4e58-9b51-847d6a09c90b	OPTIONS	/api/products	http://localhost:3000
20220926	09:17:54	2870a247-ea41-400f-b49b-daee705672c0	OPTIONS	/api/products	http://localhost:3000
20220926	09:17:54	488de2e5-ac41-4194-9198-db0da303d8d1	POST	/api/products	http://localhost:3000
20220926	09:17:54	ba62de38-b375-44fa-8805-3509fc3de35f	GET	/api/products/total	http://localhost:3000
20220926	09:17:54	1eb7ef18-e50f-4f47-802b-f62b546b62c1	GET	/api/categories	http://localhost:3000
20220926	09:17:54	344c7978-8d20-42f0-b0c6-8e6b884f629d	GET	/api/subs	http://localhost:3000
20220926	09:17:54	6a0782de-3ebb-4613-bed7-3c1937bb6b6a	POST	/api/products	http://localhost:3000
20220926	09:17:54	a24fa890-fc45-4229-8007-49a5fc143e26	GET	/api/products/total	http://localhost:3000
20220926	09:50:12	472dcbb1-8565-4ca6-9126-88e205e4c438	OPTIONS	/api/current-user	http://localhost:3000
20220926	09:50:12	e1a20cb1-ba4a-4948-97d6-ace49721456d	POST	/api/current-user	http://localhost:3000
20220926	09:50:12	1782469d-b3cd-4d99-9be8-22762e2c995c	POST	/api/current-user	http://localhost:3000
20220926	09:50:13	8a12daa4-de70-41e9-8dc8-5fc7db4c1dbf	OPTIONS	/api/create-or-update-user	http://localhost:3000
20220926	09:50:13	02263f11-ccc4-4a84-8de4-a232a1d2ceb9	POST	/api/create-or-update-user	http://localhost:3000
20220926	09:50:13	a1e85485-44a1-4294-a69c-e26b905cf813	OPTIONS	/api/products	http://localhost:3000
20220926	09:50:13	09b0f505-c64b-4c49-985d-6b61124f0f50	OPTIONS	/api/products	http://localhost:3000
20220926	09:50:13	2f304117-5af8-44e2-9c08-c224ce724cca	GET	/api/subs	http://localhost:3000
20220926	09:50:13	7af84c3c-605e-4f0c-9984-bdff94b613c6	GET	/api/products/total	http://localhost:3000
20220926	09:50:13	42c14884-a33f-45ff-9466-c9dc56f30927	GET	/api/categories	http://localhost:3000
20220926	09:50:14	3b86ddcd-3c8a-4680-934a-f6e76b36c730	POST	/api/products	http://localhost:3000
20220926	09:50:14	48dba535-f742-44ef-9b64-943fbc596142	POST	/api/products	http://localhost:3000
20220926	09:50:14	663992cd-3434-48bd-88e1-d98b17b1887d	GET	/api/products/total	http://localhost:3000
20220926	09:51:24	41189c11-8b6d-42e9-8ec5-dc66bb08c988	OPTIONS	/api/user/orders	http://localhost:3000
20220926	09:51:24	322ad31f-cfed-4470-9ed6-a85067940f43	GET	/api/user/orders	http://localhost:3000
20220926	10:05:34	d49adbe6-5ccc-4afb-92ce-cd2e7c22e88e	OPTIONS	/api/products	http://localhost:3000
20220926	10:05:34	96ce23b3-d1cf-447c-acf7-4ab1c42552fd	OPTIONS	/api/products	http://localhost:3000
20220926	10:05:34	b1e95407-b39b-4f08-aa03-11a82b759692	POST	/api/products	http://localhost:3000
20220926	10:05:34	525a3baf-683c-4cae-bed6-8ec17ad67bd3	GET	/api/products/total	http://localhost:3000
20220926	10:05:34	719c0a8a-ef44-477a-beb3-34368c6f668a	POST	/api/products	http://localhost:3000
20220926	10:05:34	8e79bb08-98e9-4216-8b32-4433a3fbdd54	GET	/api/categories	http://localhost:3000
20220926	10:05:34	e47ed5f5-8e09-4ce1-bc57-e905eb84fc30	GET	/api/subs	http://localhost:3000
20220926	10:05:34	1a5272fd-53de-4964-8dc1-8c58d61f395c	GET	/api/products/total	http://localhost:3000
20220926	10:05:40	74234706-2a97-41fb-ae60-531e07d1ff94	GET	/api/products/12	http://localhost:3000
20220926	10:05:40	8e36bd77-79ca-49f8-955f-1eaf02463c2a	OPTIONS	/api/search/filters	http://localhost:3000
20220926	10:05:40	902a1f2c-85d8-4bac-b6e9-f6fc865ed0f7	GET	/api/categories	http://localhost:3000
20220926	10:05:40	703a62fe-971c-4f3b-89d5-aff36cfaf2ea	POST	/api/search/filters	http://localhost:3000
20220926	10:05:40	298157f5-c129-44ee-b0b8-9b1e481d0495	GET	/api/subs	http://localhost:3000
20220926	10:05:40	9ee8c34e-3b14-454f-ab71-31b664c7217c	POST	/api/search/filters	http://localhost:3000
20220926	10:05:40	624120c2-897b-49fe-b201-4513575ffe0e	GET	/api/products/12	http://localhost:3000
20220926	10:05:42	92b38052-82ec-45c2-9197-8819660015d1	GET	/api/products/12	http://localhost:3000
20220926	10:05:42	0f337449-8cd9-44bf-a44d-dcddd6735873	GET	/api/categories	http://localhost:3000
20220926	10:05:42	23061c6a-ddd1-4211-884c-bd4e778f9c12	POST	/api/search/filters	http://localhost:3000
20220926	10:05:42	ce3dbb4e-99c3-45a8-b460-bedb0f11c165	GET	/api/subs	http://localhost:3000
20220926	10:05:42	d192e89c-35f2-475e-9625-847a55e83601	POST	/api/search/filters	http://localhost:3000
20220926	10:05:42	f5fcd98b-801d-4e1d-8eb2-3033a90bdbdb	GET	/api/products/12	http://localhost:3000
20220926	10:05:45	cdd99153-177c-4e09-9742-befeeb39ec53	OPTIONS	/api/user/orders	http://localhost:3000
20220926	10:05:45	062684a5-f7fc-43df-aa1b-78a181924e5e	GET	/api/user/orders	http://localhost:3000
20220926	10:05:48	2d6957aa-f1ac-4fc2-af76-e241c9a1a26f	GET	/api/products/12	http://localhost:3000
20220926	10:05:48	4c04769e-4d79-4317-a1cd-4438cbf9be01	GET	/api/subs	http://localhost:3000
20220926	10:05:48	662d422f-e7c4-4d96-85cd-a0c311b33f89	GET	/api/categories	http://localhost:3000
20220926	10:05:48	3a90526e-2340-4244-837f-fb61c1532686	OPTIONS	/api/search/filters	http://localhost:3000
20220926	10:05:48	9fa86282-7ec8-4799-8f6f-dc51f5fa196d	POST	/api/search/filters	http://localhost:3000
20220926	10:05:48	ce3d013a-1729-4b3c-862c-fc0d688b0b84	POST	/api/search/filters	http://localhost:3000
20220926	10:05:48	6080facf-5ffe-4597-ab02-df82ca3df06a	GET	/api/products/12	http://localhost:3000
20220926	10:05:50	865fcf3b-e78e-4350-84bf-ec52d324ccdd	GET	/api/products/12	http://localhost:3000
20220926	10:05:50	2e88ee5d-be5a-4c1d-b55a-c441541863a5	GET	/api/categories	http://localhost:3000
20220926	10:05:50	748e4cb2-3161-4dbb-a472-e263cc1b6719	POST	/api/search/filters	http://localhost:3000
20220926	10:05:50	2e5e6f9c-8a36-4de2-9704-b9638939529f	GET	/api/subs	http://localhost:3000
20220926	10:05:50	7caa3fa4-07bc-455e-8362-564060c99a3b	POST	/api/search/filters	http://localhost:3000
20220926	10:05:50	6bac2961-fcbc-452f-932d-1a9fe9e4ce65	GET	/api/products/12	http://localhost:3000
20220926	10:05:50	207a09e9-6075-4d0d-bb4d-3836783c99bd	OPTIONS	/api/products	http://localhost:3000
20220926	10:05:50	8506348b-f1a9-4e38-983b-3c8a963bff37	OPTIONS	/api/products	http://localhost:3000
20220926	10:05:50	4c334aa2-52ed-4c82-94cf-301263223ad9	GET	/api/products/total	http://localhost:3000
20220926	10:05:50	af0dd3b0-3ae2-4619-8098-f4c763ee4ccf	GET	/api/categories	http://localhost:3000
20220926	10:05:51	31762017-5847-46b5-8f12-d1ffdea17c15	GET	/api/subs	http://localhost:3000
20220926	10:05:51	0623d48c-c44f-4f40-92fa-f2a002e54921	POST	/api/products	http://localhost:3000
20220926	10:05:51	6a56abc1-0bf6-45af-9977-090f410ce212	POST	/api/products	http://localhost:3000
20220926	10:05:51	c6b74420-2b85-4fff-85f2-f0cfde9c9f28	GET	/api/products/total	http://localhost:3000
20220926	10:34:07	e6bddf88-24f4-4e0e-81b7-6eabec76db3f	OPTIONS	/api/current-user	http://localhost:3000
20220926	10:34:07	822c6318-18ce-4020-8259-c3d0be0393a9	POST	/api/current-user	http://localhost:3000
20220926	10:34:08	2977796a-c62c-4e39-b911-e0f9c37c9d25	POST	/api/current-user	http://localhost:3000
20220926	10:34:08	824c75f4-b90c-42bd-8c3a-e2de14b14999	OPTIONS	/api/create-or-update-user	http://localhost:3000
20220926	10:34:08	fa42c004-e8c7-4068-961a-e449f1122f94	POST	/api/create-or-update-user	http://localhost:3000
20220926	10:34:09	056cb4ae-ec0e-4eba-811f-2f9be65ca49b	OPTIONS	/api/products	http://localhost:3000
20220926	10:34:09	f6ad6005-514e-4d82-b208-b9e49a0c498b	OPTIONS	/api/products	http://localhost:3000
20220926	10:34:09	67a95f3e-6a43-45a5-a73c-12789299b6df	GET	/api/categories	http://localhost:3000
20220926	10:34:09	e3234cac-7aba-4ebd-ab46-ae1e17ad2f09	POST	/api/products	http://localhost:3000
20220926	10:34:09	e3edc72f-23ba-4c3f-859a-bb2016f943fe	GET	/api/products/total	http://localhost:3000
20220926	10:34:09	3df35676-cfbc-47dd-bd8d-0d851d9953fc	GET	/api/subs	http://localhost:3000
20220926	10:34:09	1776637b-c3c8-46b4-af07-4ade9827cbe8	POST	/api/products	http://localhost:3000
20220926	10:34:09	79f49e7f-e4aa-46f7-8aa2-93d62a746654	GET	/api/products/total	http://localhost:3000
20220926	10:57:23	f08eb440-2662-4eb4-9201-1b0b1675407d	OPTIONS	/api/current-user	http://localhost:3000
20220926	10:57:23	c0528114-e6ba-455e-90e1-d820c2b5263b	POST	/api/current-user	http://localhost:3000
20220926	10:57:24	cdec18b3-cc74-4b3e-bde5-719a2723cf6c	OPTIONS	/api/products	http://localhost:3000
20220926	10:57:24	c4717f6b-2fe6-4a48-8040-d129dc40514f	POST	/api/products	http://localhost:3000
20220926	10:57:24	23f8c792-403c-4145-8a22-cef346ab9bda	OPTIONS	/api/products	http://localhost:3000
20220926	10:57:24	21106300-69e5-45e0-8ac7-cd62bbe77611	GET	/api/products/total	http://localhost:3000
20220926	10:57:24	f33f7a91-6b95-49f0-9eba-a43073ddd60b	GET	/api/categories	http://localhost:3000
20220926	10:57:24	4e12ff6a-75fb-46e0-9197-9d9d04d98204	GET	/api/subs	http://localhost:3000
20220926	10:57:24	dbb6e39d-aeff-4453-a463-5d363586fefd	POST	/api/products	http://localhost:3000
20220926	10:57:25	e864ff27-1bfe-4dd1-9d0f-2ed25cb9c531	GET	/api/products/total	http://localhost:3000
20220926	10:59:24	0f52ef35-5b5c-461e-9cec-eb1a4410d3ac	OPTIONS	/api/products	http://localhost:3000
20220926	10:59:24	d9013e55-92c4-4196-9236-363a8ae8697b	OPTIONS	/api/products	http://localhost:3000
20220926	10:59:24	5d2ce015-dcd3-473a-aac4-ccb858b01597	GET	/api/products/total	http://localhost:3000
20220926	10:59:24	7a9e1911-b383-4943-83c2-acb37d7d5e76	GET	/api/categories	http://localhost:3000
20220926	10:59:24	06782e4a-8451-4ada-a4f6-108f91203c79	POST	/api/products	http://localhost:3000
20220926	10:59:24	90665a81-eb34-40cf-b0a1-bd755e868594	POST	/api/products	http://localhost:3000
20220926	10:59:24	3c871f91-52d2-4460-b0b6-e0c512432950	GET	/api/subs	http://localhost:3000
20220926	10:59:25	3292b986-4399-4fc6-bc6e-1484196cda0d	GET	/api/products/total	http://localhost:3000
20220926	10:59:25	ac530bda-e205-45c1-9684-615bc12e8b08	OPTIONS	/api/current-user	http://localhost:3000
20220926	10:59:25	54a251b3-e25d-4a5b-9eca-4203ff702f17	POST	/api/current-user	http://localhost:3000
20220926	11:00:39	365eb62e-ac66-4a17-a5fc-4ecd5497524b	OPTIONS	/api/current-user	http://localhost:3000
20220926	11:00:39	cf0300b3-ebfa-43c0-9afe-67d034f47012	OPTIONS	/api/create-or-update-user	http://localhost:3000
20220926	11:00:39	397fd79d-2ea3-4512-ba87-9df61c0f1ddd	POST	/api/current-user	http://localhost:3000
20220926	11:00:39	8afbe922-940d-4617-82b3-21105abcfb01	POST	/api/create-or-update-user	http://localhost:3000
20220926	11:00:39	66b8e445-d25f-4e27-845f-af0430e52860	OPTIONS	/api/products	http://localhost:3000
20220926	11:00:40	2f939808-4fea-45e6-a7b1-c312601dd9fc	OPTIONS	/api/products	http://localhost:3000
20220926	11:00:40	bf361758-b2cc-49c9-87a7-5fb0654dfbd2	GET	/api/products/total	http://localhost:3000
20220926	11:00:40	10461c25-a5a0-41e4-a943-3356cdbf0e27	POST	/api/products	http://localhost:3000
20220926	11:00:40	6eaacfaf-918b-42ca-8b7e-df0c4759d00a	GET	/api/categories	http://localhost:3000
20220926	11:00:40	dac3ba3b-ab47-4d3a-83af-7e8fbce5c86b	POST	/api/products	http://localhost:3000
20220926	11:00:40	c8fbf960-034b-4224-bed7-036befe20ca7	GET	/api/subs	http://localhost:3000
20220926	11:00:40	dd6b57be-7b58-49d3-ad3a-97e1b1c18c11	GET	/api/products/total	http://localhost:3000
20220926	11:00:40	8d3e7f3d-e6fc-4d57-8d22-47ec3a866382	OPTIONS	/api/user/orders	http://localhost:3000
20220926	11:00:40	a504e11a-d0e9-4384-b62c-0147eff6906b	GET	/api/user/orders	http://localhost:3000
20220926	13:19:11	ef1ba74f-b646-4ad7-83d6-5043575dcc0a	OPTIONS	/api/current-user	http://localhost:3000
20220926	13:19:11	881bbe82-abee-46eb-999a-295dc341f049	OPTIONS	/api/create-or-update-user	http://localhost:3000
20220926	13:19:11	e4ab2b7a-1318-45ba-8643-02cc86c5b8bc	POST	/api/current-user	http://localhost:3000
20220926	13:19:11	53a77ad1-1a98-4fcd-a50c-3cec4476378d	POST	/api/create-or-update-user	http://localhost:3000
20220926	13:19:12	850545a4-fc70-459a-9976-59147e7fe1a8	OPTIONS	/api/user/orders	http://localhost:3000
20220926	13:19:12	6c010147-d961-4810-9ae3-af36efaa8290	GET	/api/user/orders	http://localhost:3000
20220926	13:22:46	c15f32f8-db08-4525-9459-b9ce6b77eb25	OPTIONS	/api/current-user	http://localhost:3000
20220926	13:22:46	0cbbd4f2-716b-4bab-bedf-afc81b833851	OPTIONS	/api/create-or-update-user	http://localhost:3000
20220926	13:22:46	bf0516ec-6640-488c-bbf2-b7fab6a8da83	POST	/api/current-user	http://localhost:3000
20220926	13:22:46	b1a08208-9a0c-497a-86d8-a7bb24cb2161	POST	/api/create-or-update-user	http://localhost:3000
20220926	13:22:47	52412d7e-892b-4fb0-a171-f0765dd492cd	OPTIONS	/api/user/orders	http://localhost:3000
20220926	13:22:47	a17866c5-ce3b-452f-8dc9-962fa9b71eb3	GET	/api/user/orders	http://localhost:3000
20220926	13:28:13	b0a7034d-9fc0-46ff-a9a4-9e7b78676f7a	OPTIONS	/api/current-user	http://localhost:3000
20220926	13:28:13	41daf455-5efb-4c58-8147-c687717944d3	POST	/api/current-user	http://localhost:3000
20220926	13:28:13	f9b9976d-8163-44aa-88ad-af983998470a	OPTIONS	/api/user/orders	http://localhost:3000
20220926	13:28:13	dabe5b9a-3a37-4ab9-a7a6-be58d18e3233	GET	/api/user/orders	http://localhost:3000
20220926	13:28:22	8d4f073e-bbac-4890-85e4-b40be10a4cbe	OPTIONS	/api/current-user	http://localhost:3000
20220926	13:28:22	3591fb13-cd03-44ec-9e97-9303b05b292f	POST	/api/current-user	http://localhost:3000
20220926	13:28:23	a722cd31-a29e-472d-a351-a8c1d0f881fc	OPTIONS	/api/user/orders	http://localhost:3000
20220926	13:28:23	c4b6f66e-5075-4c6e-9d49-814812b9d3df	GET	/api/user/orders	http://localhost:3000
20220926	13:30:35	0477537f-af45-4d51-9723-f73e803d54fd	OPTIONS	/api/products	http://localhost:3000
20220926	13:30:35	bf71aa09-b584-4284-945a-8593d7523182	OPTIONS	/api/products	http://localhost:3000
20220926	13:30:35	1088b28d-28a3-47e7-9c7b-acb0ab9a5d8b	GET	/api/products/total	http://localhost:3000
20220926	13:30:35	96ecc2a0-5278-4de1-bb04-eb0329f0d8bb	POST	/api/products	http://localhost:3000
20220926	13:30:35	b9aa824c-7413-4a1c-943c-a20a7ac0b6cd	GET	/api/categories	http://localhost:3000
20220926	13:30:35	1eefc93e-b089-418b-bd8d-461c1b43c8e0	POST	/api/products	http://localhost:3000
20220926	13:30:35	9a293447-d3ff-449b-8ac6-50887b60dbcf	GET	/api/subs	http://localhost:3000
20220926	13:30:35	f29b9d6c-d528-405e-b332-03b666fc808d	GET	/api/products/total	http://localhost:3000
20220926	13:31:06	bdc2c151-9cfb-4fb2-9b7b-164fa4b0e12f	OPTIONS	/api/current-user	http://localhost:3000
20220926	13:31:06	28d0ed55-cee3-4103-8ca5-4c96ab1d8b16	OPTIONS	/api/create-or-update-user	http://localhost:3000
20220926	13:31:06	340c8b92-6016-4e2a-9328-74b0f30baf03	POST	/api/current-user	http://localhost:3000
20220926	13:31:06	ca9eaab0-168d-4cab-9581-a7fd944973d9	POST	/api/create-or-update-user	http://localhost:3000
20220926	13:31:06	df3b0c1c-187d-449d-848f-792cf085f07d	OPTIONS	/api/products	http://localhost:3000
20220926	13:31:06	3ef175a9-36ca-4c52-a851-8acbfd0c127e	OPTIONS	/api/products	http://localhost:3000
20220926	13:31:06	ba1c4af7-b22a-4000-8d7d-6c9eb889ab4e	GET	/api/products/total	http://localhost:3000
20220926	13:31:06	28727a9a-bd5a-4eef-9c4e-84bb88e092a3	POST	/api/products	http://localhost:3000
20220926	13:31:06	529dc4bf-c924-4adf-b401-0fd1e4a7f33b	GET	/api/categories	http://localhost:3000
20220926	13:31:06	96065778-cd37-4a69-8e22-6017c1deebb3	GET	/api/subs	http://localhost:3000
20220926	13:31:06	aa0f8d2a-ea6c-4c2b-b987-b52b44572f25	POST	/api/products	http://localhost:3000
20220926	13:31:06	95091cb2-536d-4921-a682-23a15531cb37	OPTIONS	/api/user/orders	http://localhost:3000
20220926	13:31:06	3654c51d-7256-42c2-b2a1-b4b36fe45746	GET	/api/user/orders	http://localhost:3000
20220926	13:31:07	67132b2d-7efa-4007-8573-da6bba127673	GET	/api/products/total	http://localhost:3000
20220926	13:31:15	dd5f8304-0b96-42d5-8d78-ac458c293993	OPTIONS	/api/user/wishlist	http://localhost:3000
20220926	13:31:15	3d30cceb-820d-404a-b846-271707a36cbf	GET	/api/user/wishlist	http://localhost:3000
20220926	13:31:18	f81b1ab5-8377-4c53-b6a9-96c9e1c8ba6b	GET	/api/user/wishlist	http://localhost:3000
20220926	13:36:11	e1c99691-5b78-4248-b7ab-f499ba9ed67d	OPTIONS	/api/current-user	http://localhost:3000
20220926	13:36:11	8014c5c5-4b2e-4886-a517-a692367c9e45	POST	/api/current-user	http://localhost:3000
20220926	13:36:25	3f1947ae-8a4a-49a4-9614-58e77db999f8	OPTIONS	/api/current-user	http://localhost:3000
20220926	13:36:25	80ef83cd-b1ac-4409-aa8f-366e7c7a3f5b	POST	/api/current-user	http://localhost:3000
20220926	13:37:48	da42257a-bd5f-4db1-a65a-5deae29d1989	OPTIONS	/api/current-user	http://localhost:3000
20220926	13:37:48	3ce6f5a2-0a42-426c-b280-fe2568bd9a47	OPTIONS	/api/create-or-update-user	http://localhost:3000
20220926	13:37:48	2b234922-c83f-4a18-87a5-f04c3ce412f0	POST	/api/current-user	http://localhost:3000
20220926	13:37:48	94d89bd0-5a91-434e-9883-2e2c9a165bab	POST	/api/create-or-update-user	http://localhost:3000
20220926	13:37:49	1ab16ea7-b843-4936-a4fa-730774ceea78	OPTIONS	/api/user/orders	http://localhost:3000
20220926	13:37:49	9ccc2e51-2eae-4e29-b3e7-46b93c66947d	GET	/api/user/orders	http://localhost:3000
20220926	13:39:49	1df91dca-08b4-4446-b9fb-9f102a56712e	OPTIONS	/api/current-user	http://localhost:3000
20220926	13:39:49	5387305e-e115-4b40-8280-730add58a519	POST	/api/current-user	http://localhost:3000
20220926	13:39:51	49db5ee8-a5eb-48bd-97a3-992f498cd7a3	OPTIONS	/api/user/orders	http://localhost:3000
20220926	13:39:51	90cdf14c-6645-44cf-80c8-84e4536060ee	GET	/api/user/orders	http://localhost:3000
20220926	13:44:41	c947dda8-9e99-4d6f-96a7-e6a632e3186a	OPTIONS	/api/current-user	http://localhost:3000
20220926	13:44:41	2650095c-9dc0-4bd2-bc2b-13d90b46ac12	POST	/api/current-user	http://localhost:3000
20220926	13:44:41	94d75543-cb07-44b6-837d-91ed2ff2cbbc	OPTIONS	/api/user/orders	http://localhost:3000
20220926	13:44:41	ce5c0c86-9970-442b-9145-6c8d48b42744	GET	/api/user/orders	http://localhost:3000
20220926	13:55:47	758db0ea-d094-4482-909b-9530e39c7075	OPTIONS	/api/current-user	http://localhost:3000
20220926	13:55:47	78f24184-fd1b-40ed-ac5e-a9a97fd99ef0	OPTIONS	/api/create-or-update-user	http://localhost:3000
20220926	13:55:47	558bc2b0-3505-4a6e-9040-13e19b9663ae	POST	/api/current-user	http://localhost:3000
20220926	13:55:47	ac9bd7f2-483a-4d36-b14e-cd22561feac7	POST	/api/create-or-update-user	http://localhost:3000
20220926	13:55:48	baf8d7dc-4b67-44b4-a723-7980866c7a4a	OPTIONS	/api/user/orders	http://localhost:3000
20220926	13:55:48	cc5ffad3-4850-4db6-9947-d5a30018a8af	GET	/api/user/orders	http://localhost:3000
20220926	13:59:00	1021252d-1dba-4fcd-acc3-9cc78e8b41ea	OPTIONS	/api/current-user	http://localhost:3000
20220926	13:59:00	9d6bf689-c44d-442b-9ea4-545f511efba6	OPTIONS	/api/create-or-update-user	http://localhost:3000
20220926	13:59:00	87697486-695a-4b93-ab84-ab2d3c9ca44c	POST	/api/current-user	http://localhost:3000
20220926	13:59:00	943fc079-2757-455a-b9d6-98f89c8de226	POST	/api/create-or-update-user	http://localhost:3000
20220926	13:59:01	fa131c30-2485-47bb-84b8-60541b9a66aa	OPTIONS	/api/user/orders	http://localhost:3000
20220926	13:59:01	8aac85fc-3022-4ded-960f-f287201e88d6	GET	/api/user/orders	http://localhost:3000
20220926	14:01:09	3b3095ef-225a-448c-b682-7822d5ae0f1d	OPTIONS	/api/current-user	http://localhost:3000
20220926	14:01:09	9ec7afa9-6dff-4ce1-9640-b9b98a9eaf94	POST	/api/current-user	http://localhost:3000
20220926	14:01:09	405d0924-3c12-40f5-b71c-e4cb26183101	OPTIONS	/api/user/orders	http://localhost:3000
20220926	14:01:09	1aa90943-d455-4f6a-8b05-b1db8fd118bb	GET	/api/user/orders	http://localhost:3000
20220926	14:03:40	9928b65c-225b-4665-9a6e-fbd8ecc741d4	OPTIONS	/api/current-user	http://localhost:3000
20220926	14:03:40	4678f39a-5860-4654-a82a-ce718bac5fe6	POST	/api/current-user	http://localhost:3000
20220926	14:03:41	4a25cd99-1566-46ce-8f6c-75ccffd1eade	OPTIONS	/api/user/orders	http://localhost:3000
20220926	14:03:41	220e6ddb-a709-41ce-9e90-05d639c751ef	GET	/api/user/orders	http://localhost:3000
20220926	14:20:42	831e96a1-2266-4199-9303-c39a3e79d450	OPTIONS	/api/current-user	http://localhost:3000
20220926	14:20:42	d7186f49-e81c-43a7-8c51-a2c03d77dc3c	POST	/api/current-user	http://localhost:3000
20220926	14:20:43	25bdbe3a-a28d-4be4-a96a-6e56d5a76d52	OPTIONS	/api/user/orders	http://localhost:3000
20220926	14:20:43	6f90e1eb-e30d-4916-a5a2-5442ed22c25d	GET	/api/user/orders	http://localhost:3000
20220926	14:25:10	30f7e6a6-cd1d-4660-a2d7-f32d8c4a2e17	OPTIONS	/api/current-user	http://localhost:3000
20220926	14:25:10	bea6f9fd-d44d-4af1-bef9-73a7d249c9ad	OPTIONS	/api/create-or-update-user	http://localhost:3000
20220926	14:25:10	19c1af91-506b-43ae-bc5d-9414b91dc082	POST	/api/current-user	http://localhost:3000
20220926	14:25:10	d928f892-5fd1-4071-96e8-aa35f576829e	POST	/api/create-or-update-user	http://localhost:3000
20220926	14:25:10	02935943-1f81-4e56-83dd-25e5cf138a9b	POST	/api/current-user	http://localhost:3000
20220926	14:25:10	917513a4-10f4-4771-8b20-2fbce40ffa86	OPTIONS	/api/products	http://localhost:3000
20220926	14:25:10	9fa3f675-76c7-43fc-9176-0dcaea3433a5	OPTIONS	/api/products	http://localhost:3000
20220926	14:25:10	768cf39e-3948-49b7-840a-6368f6efef5a	GET	/api/products/total	http://localhost:3000
20220926	14:25:10	03903a2c-14a2-4511-9018-7b59e387df48	POST	/api/products	http://localhost:3000
20220926	14:25:10	f9aec78e-33cd-43f3-a139-7db9f8c6a0b2	POST	/api/products	http://localhost:3000
20220926	14:25:10	9e9e7b83-0129-4f3a-b0c4-d339ec4769ed	GET	/api/categories	http://localhost:3000
20220926	14:25:10	2a234724-c585-4b97-ade4-896ce9c6fa44	GET	/api/subs	http://localhost:3000
20220926	14:25:10	3a59a983-dd43-4dec-9852-87db0089e618	GET	/api/products/total	http://localhost:3000
20220926	14:25:10	8690ff2e-2713-41c1-aef0-8cc5f3bd2531	OPTIONS	/api/user/orders	http://localhost:3000
20220926	14:25:10	d36deefa-ceed-45c1-b358-0b97cacb2478	GET	/api/user/orders	http://localhost:3000
20220926	14:43:54	0d9cfb70-6390-4f2c-9079-b12a62da500e	OPTIONS	/api/current-user	http://localhost:3000
20220926	14:43:54	be9ddaac-e65b-43db-872d-485b7ebed5b6	OPTIONS	/api/create-or-update-user	http://localhost:3000
20220926	14:43:54	e6ea6243-b1e2-4437-8b3c-8123fd8b31b9	POST	/api/current-user	http://localhost:3000
20220926	14:43:54	9f5f1165-7710-40cf-b4da-fe13b20ce119	POST	/api/create-or-update-user	http://localhost:3000
20220926	14:43:57	6dd65c84-040c-41d2-a023-be6509c1f9ee	POST	/api/current-user	http://localhost:3000
20220926	15:07:56	2a8cf6a6-40f3-4d5d-a42a-9f0776189c1d	OPTIONS	/api/current-user	http://localhost:3000
20220926	15:07:56	1ad54ad2-f5ed-4488-b7ef-f6ee23ced915	POST	/api/current-user	http://localhost:3000
20220926	15:07:56	23ca9937-9069-492c-9d6f-aaa2bc469191	OPTIONS	/api/products	http://localhost:3000
20220926	15:07:56	3fe192c5-101f-4a03-91ba-ea76ea76d832	OPTIONS	/api/products	http://localhost:3000
20220926	15:07:56	d4b7b63e-5522-4ae6-86df-f2da55d35eb8	GET	/api/products/total	http://localhost:3000
20220926	15:07:56	c1c8a494-9fe4-4fae-a3d4-1785300b4f63	POST	/api/products	http://localhost:3000
20220926	15:07:56	b91c9828-c8db-4e1d-8522-5d932d999d07	GET	/api/subs	http://localhost:3000
20220926	15:07:56	98e7efd9-63e5-4e56-9bd4-c704169011e4	GET	/api/categories	http://localhost:3000
20220926	15:07:56	51e43b9e-2a15-4b09-b73e-7f6d6fab6274	POST	/api/products	http://localhost:3000
20220926	15:07:56	da17a367-5703-417b-82fb-d341bbda4242	GET	/api/products/total	http://localhost:3000
20220926	15:08:02	bb545937-e7a6-4553-99d5-0c12f5e7dc69	OPTIONS	/api/current-user	http://localhost:3000
20220926	15:08:02	960f789e-552e-4e3a-b72b-2933acbd6a71	POST	/api/current-user	http://localhost:3000
20220926	15:08:40	0084c914-f400-4be2-ba92-7bfddd93ac8b	OPTIONS	/api/current-user	http://localhost:3000
20220926	15:08:40	0eb989ee-4dfd-4254-b43c-de8725daa2f8	POST	/api/current-user	http://localhost:3000
20220926	15:08:40	74492f5a-9a4b-4954-950c-c1324048fdd0	OPTIONS	/api/create-or-update-user	http://localhost:3000
20220926	15:08:40	a0f7ab19-35f2-4fff-a86f-d33a014d9bc5	POST	/api/create-or-update-user	http://localhost:3000
20220926	15:08:41	f6000302-09bf-4a98-91b7-5b52cc46f8d4	OPTIONS	/api/user/orders	http://localhost:3000
20220926	15:08:41	d0b200ce-a1e0-4028-a797-427997ae37ac	GET	/api/user/orders	http://localhost:3000
20220926	15:09:25	95da0cd2-3311-4014-9b72-a7229be3a553	OPTIONS	/api/current-user	http://localhost:3000
20220926	15:09:25	6c2230df-4a4a-4e57-b9e7-4fdb190e1a04	POST	/api/current-user	http://localhost:3000
20220926	15:09:26	2e0940ca-a9d3-4e57-a3a1-1f5213fa45e3	OPTIONS	/api/user/orders	http://localhost:3000
20220926	15:09:26	5676d411-820c-40c4-8f7e-ecdda83e2fc0	GET	/api/user/orders	http://localhost:3000
20220926	15:09:27	b8639ad7-14fe-43f8-ac1e-72c85441cb35	OPTIONS	/api/products	http://localhost:3000
20220926	15:09:27	e5aad36b-3f89-45bb-a930-6cb63cb19387	OPTIONS	/api/products	http://localhost:3000
20220926	15:09:27	052fdb36-04ef-4265-9a11-15cc14191741	POST	/api/products	http://localhost:3000
20220926	15:09:27	7b7dec6c-75a3-43fd-95f6-cbbea91c0ef2	POST	/api/products	http://localhost:3000
20220926	15:09:27	b9821792-4b10-40a4-9e90-28e7fadb447a	GET	/api/products/total	http://localhost:3000
20220926	15:09:27	74779608-73c0-4266-a6cf-af4e9275dc3d	GET	/api/categories	http://localhost:3000
20220926	15:09:27	a78be2c8-a96c-482d-bc9f-b0d3a491b4b2	GET	/api/subs	http://localhost:3000
20220926	15:09:27	8443e861-d11c-4427-8872-cc45e3697204	GET	/api/products/total	http://localhost:3000
20220926	15:09:27	8b7cc5af-8b7b-46f6-a6a1-dc70d6af6b76	POST	/api/current-user	http://localhost:3000
20220926	15:09:40	6210e51d-bf1a-4dce-88c9-b6dd95c0a764	OPTIONS	/api/current-user	http://localhost:3000
20220926	15:09:40	b4476e7b-30e2-468b-a471-8dc2359dd36e	OPTIONS	/api/create-or-update-user	http://localhost:3000
20220926	15:09:40	cac40bb4-144d-45a3-8a40-4346d7a4074d	POST	/api/current-user	http://localhost:3000
20220926	15:09:40	70355777-fa96-4aa1-a28c-3f0ff8784b5e	POST	/api/create-or-update-user	http://localhost:3000
20220926	15:09:41	2a62616f-9482-4348-867e-b014e8a67c28	OPTIONS	/api/products	http://localhost:3000
20220926	15:09:41	c0bbc219-7401-41ad-a124-6086cd3680a3	OPTIONS	/api/products	http://localhost:3000
20220926	15:09:41	7ebf9b89-5fdf-4dbc-a923-bee26663087c	GET	/api/subs	http://localhost:3000
20220926	15:09:41	c47edd0e-be70-4359-8e56-e6f2938ce3aa	GET	/api/categories	http://localhost:3000
20220926	15:09:41	4f4aa5b2-e157-4eae-b302-e1aa0553506b	POST	/api/products	http://localhost:3000
20220926	15:09:41	a864ce30-edd8-4b6f-bcb4-62c325d51a30	POST	/api/products	http://localhost:3000
20220926	15:09:41	f05c5ed5-efe5-45d3-888f-5acbda8706cc	GET	/api/products/total	http://localhost:3000
20220926	15:09:41	68e812d3-41f8-4374-96c0-3a3392496fc9	GET	/api/products/total	http://localhost:3000
20220926	15:09:41	e2b3a0e4-893d-4f8f-a6fe-15c4f1c18682	OPTIONS	/api/user/orders	http://localhost:3000
20220926	15:09:41	3d02af9b-c12f-45b7-adb5-58bb4fab9bae	GET	/api/user/orders	http://localhost:3000
20220926	15:13:05	b0445d56-7485-4471-abdf-d3eee48cf129	OPTIONS	/api/products	http://localhost:3000
20220926	15:13:05	f2edea6f-b99a-460a-9feb-16392ec0575e	OPTIONS	/api/products	http://localhost:3000
20220926	15:13:05	6e3b9e54-80fc-49ec-981c-5725697574a4	POST	/api/products	http://localhost:3000
20220926	15:13:06	2ce00c05-ef01-4da1-a682-3e41b6c5b696	POST	/api/products	http://localhost:3000
20220926	15:13:06	4b4c4e54-3dc5-4e13-a84b-af41c9febca4	GET	/api/products/total	http://localhost:3000
20220926	15:13:06	18955568-b01f-40a3-80ac-64a8ca0028ba	GET	/api/categories	http://localhost:3000
20220926	15:13:06	101148c1-94dd-4343-8b0e-a05229847825	GET	/api/subs	http://localhost:3000
20220926	15:13:06	7f13ec51-5ca8-4d9e-a1e6-dd9e5ea568f5	GET	/api/products/total	http://localhost:3000
20220926	15:13:06	7da4e309-92f7-4760-9101-eb0184fca162	OPTIONS	/api/current-user	http://localhost:3000
20220926	15:13:06	e2101f69-5cc4-4331-9737-a16591a6e7c7	POST	/api/current-user	http://localhost:3000
20220926	15:13:18	35cd2b97-88cd-464a-8c21-b58b2291a814	OPTIONS	/api/current-user	http://localhost:3000
20220926	15:13:18	227e9669-7297-4958-9d04-021f4fa0dfe3	OPTIONS	/api/create-or-update-user	http://localhost:3000
20220926	15:13:18	c1c9f5a7-508f-4c4b-8755-32c3c65bbbf1	POST	/api/current-user	http://localhost:3000
20220926	15:13:18	b52f5e19-d98b-4ff3-ba1a-d40a231098fe	POST	/api/create-or-update-user	http://localhost:3000
20220926	15:13:18	24c4841a-541e-4f40-9dcc-2dc6a7a53534	OPTIONS	/api/products	http://localhost:3000
20220926	15:13:18	62281e80-cfec-453d-8723-44851e8e7114	OPTIONS	/api/products	http://localhost:3000
20220926	15:13:18	703a0ca4-f556-4dee-91c2-a23bfb74b6f9	GET	/api/products/total	http://localhost:3000
20220926	15:13:18	79bc5b59-91a7-4cc4-9241-6bd6dfe537bd	POST	/api/products	http://localhost:3000
20220926	15:13:18	4c19abe6-f596-42ed-b01b-bde354aa30df	GET	/api/categories	http://localhost:3000
20220926	15:13:18	b40d22d9-0581-4785-acf6-905d615dce62	POST	/api/products	http://localhost:3000
20220926	15:13:18	867905a5-9cbb-4872-aa1f-85fe87080f23	GET	/api/subs	http://localhost:3000
20220926	15:13:19	0da69110-f2f7-4b30-8ecd-7cf7d18cadce	GET	/api/products/total	http://localhost:3000
20220926	15:13:19	e2c8d454-35c5-4667-9e7e-39fbe8b5472c	OPTIONS	/api/user/orders	http://localhost:3000
20220926	15:13:19	579533b8-155c-4075-b53c-cc196f59b0ad	GET	/api/user/orders	http://localhost:3000
20220926	15:14:56	18fbaddb-4936-4910-88a6-2dc689160466	OPTIONS	/api/products	http://localhost:3000
20220926	15:14:56	46d8bc19-560d-4bdf-ae71-6dbcbf4417da	POST	/api/products	http://localhost:3000
20220926	15:14:56	743267a7-8685-4e3c-aa26-a7790f4d59fc	GET	/api/subs	http://localhost:3000
20220926	15:14:56	8d96ca82-01e0-48dd-bb8f-53d29c3681a7	GET	/api/products/total	http://localhost:3000
20220926	15:14:56	52d5644d-1898-457a-8a0a-9dedf1b314fc	OPTIONS	/api/products	http://localhost:3000
20220926	15:14:56	63186600-1323-4948-aeff-5d581dece433	GET	/api/categories	http://localhost:3000
20220926	15:14:56	a5cdf240-6822-44b8-ac80-3c3d22be2620	POST	/api/products	http://localhost:3000
20220926	15:14:56	a5c7a67b-244e-4dd4-b4aa-a8f508ab07f3	OPTIONS	/api/current-user	http://localhost:3000
20220926	15:14:56	bb3e98ae-a5f4-4bd0-8d95-2db801ee9f79	POST	/api/current-user	http://localhost:3000
20220926	15:14:56	bc3d4225-0338-419b-baf0-89a53cce4728	GET	/api/products/total	http://localhost:3000
20220926	15:15:40	230c4d6b-38d1-401f-a03c-ce1ccf53f6d1	OPTIONS	/api/current-user	http://localhost:3000
20220926	15:15:40	2a4fda9c-abf6-4cbc-aa51-fb091b15c71c	OPTIONS	/api/create-or-update-user	http://localhost:3000
20220926	15:15:40	9a4bd9b9-98cd-420e-a9b7-88191df1d05a	POST	/api/current-user	http://localhost:3000
20220926	15:15:40	a6acf4fa-d14e-4489-98b7-3c2495a0cacc	POST	/api/create-or-update-user	http://localhost:3000
20220926	15:15:40	cd3c95ce-21b8-4325-9bad-18df2f10b565	OPTIONS	/api/products	http://localhost:3000
20220926	15:15:40	0af71a1a-7d12-4ed4-a607-53dd68a1d8b7	OPTIONS	/api/products	http://localhost:3000
20220926	15:15:40	87475587-7f15-49b3-bd25-bf6e4a6ef41f	POST	/api/products	http://localhost:3000
20220926	15:15:40	d75a8871-8ce5-4345-a02d-503bedf4a102	GET	/api/products/total	http://localhost:3000
20220926	15:15:40	772ae29d-25f7-4ade-8e96-c52a2f98dfab	GET	/api/subs	http://localhost:3000
20220926	15:15:40	231c1342-724c-4ce3-a59f-87de7f99698d	POST	/api/products	http://localhost:3000
20220926	15:15:40	440b0ee2-6e07-4d13-931d-8844a3e24910	GET	/api/categories	http://localhost:3000
20220926	15:15:40	df3aec3c-d22a-4d03-8b40-c2fc7357a3db	GET	/api/products/total	http://localhost:3000
20220926	15:15:40	6ec0db3b-ee5e-46c0-89a3-9a0305f7860f	OPTIONS	/api/user/orders	http://localhost:3000
20220926	15:15:40	e1151b4c-f96d-45be-9315-1b377a5579c4	GET	/api/user/orders	http://localhost:3000
20220926	15:18:31	2b011415-d737-4ae7-83f0-e9acec427040	OPTIONS	/api/current-user	http://localhost:3000
20220926	15:18:31	042fbbc3-bfa7-49fd-af97-30730cdf50e0	POST	/api/current-user	http://localhost:3000
20220926	15:18:31	30c7c258-5f64-4cb2-95d9-a9528c7f6d17	OPTIONS	/api/create-or-update-user	http://localhost:3000
20220926	15:18:31	1e35f271-5ae0-4d0d-9ecf-ae04f1009d6f	POST	/api/create-or-update-user	http://localhost:3000
20220926	15:18:31	2eb6ebcc-790d-4fa5-9f54-f959576ba378	OPTIONS	/api/products	http://localhost:3000
20220926	15:18:31	a6ce41f0-d865-48f9-96bb-adaf82d17e59	OPTIONS	/api/products	http://localhost:3000
20220926	15:18:31	2ca46105-1047-40c4-a171-2c10c6355adb	GET	/api/products/total	http://localhost:3000
20220926	15:18:31	e3896af9-3997-4cef-8f8a-5f0e8a513a82	POST	/api/products	http://localhost:3000
20220926	15:18:31	991bd508-62d3-4f2d-914f-14713f70e3d8	POST	/api/products	http://localhost:3000
20220926	15:18:31	4d401d11-69c3-4e64-ac75-921aa449c283	GET	/api/categories	http://localhost:3000
20220926	15:18:31	27d7ff84-ab7e-404c-9bf7-ac67f88b3c4d	GET	/api/subs	http://localhost:3000
20220926	15:18:31	2dc5cf68-0541-4ede-9db8-6bdef19f958f	OPTIONS	/api/user/orders	http://localhost:3000
20220926	15:18:31	bc316fec-8d3d-40c9-b2d4-af3538fb454f	GET	/api/user/orders	http://localhost:3000
20220926	15:18:31	1cda7b9b-75bf-48e3-9253-48e551db5fcb	GET	/api/products/total	http://localhost:3000
20220926	15:19:18	fa63b6d0-d822-4b74-82c1-1bcba58fac19	OPTIONS	/api/current-user	http://localhost:3000
20220926	15:19:18	8ab34b1e-8050-4ef0-83c9-70241e65c4fb	POST	/api/current-user	http://localhost:3000
20220926	15:19:22	96de5cf7-7e9d-488b-84ec-cc4ff8af710a	OPTIONS	/api/products	http://localhost:3000
20220926	15:19:22	b5a3d823-c76e-4b1e-ae1f-f5dc0fac3bb4	OPTIONS	/api/products	http://localhost:3000
20220926	15:19:22	87fa5772-1b04-4ccf-b543-fc9c76ffaaaa	GET	/api/products/total	http://localhost:3000
20220926	15:19:22	c276e5f7-8d6a-4b30-a427-a5fe26f4ffaf	GET	/api/categories	http://localhost:3000
20220926	15:19:22	7b5d6252-035a-49c1-912f-86835d27f0a2	POST	/api/products	http://localhost:3000
20220926	15:19:22	a0bfca0d-ac1f-4d24-8118-de8c14c297f1	GET	/api/subs	http://localhost:3000
20220926	15:19:22	cea21135-8701-42ec-b4dc-40ed48f6ded6	POST	/api/products	http://localhost:3000
20220926	15:19:22	99fa11c8-6ff1-425d-86b0-9aee334e5778	GET	/api/products/total	http://localhost:3000
20220926	15:19:36	179d0f71-0c4b-45a5-ba5a-cdd5b8902d38	OPTIONS	/api/create-or-update-user	http://localhost:3000
20220926	15:19:36	a5e98ba7-339c-4c0b-b8f7-e73b55b2c246	POST	/api/create-or-update-user	http://localhost:3000
20220926	15:23:54	6756131a-8ecf-40b0-8c0f-9ecace1ca3ea	OPTIONS	/api/current-user	http://localhost:3000
20220926	15:23:54	68e5cdf6-2db0-4a1a-b530-dfba07c6bbd7	POST	/api/current-user	http://localhost:3000
20220926	15:34:07	0dc5a16b-4170-41dc-835f-12a8103f04da	OPTIONS	/api/current-user	http://localhost:3000
20220926	15:34:07	6a61c602-ddd6-41da-b31a-54f9d3e1f9ed	POST	/api/current-user	http://localhost:3000
20220926	15:34:08	1dae3b95-68e9-42a2-96b5-ec25893ab895	OPTIONS	/api/products	http://localhost:3000
20220926	15:34:08	374407fa-411d-49dd-ae3d-59ad4e7359ff	OPTIONS	/api/products	http://localhost:3000
20220926	15:34:08	c77b4a20-ecb7-42ee-a22a-4afdde3f46af	GET	/api/products/total	http://localhost:3000
20220926	15:34:08	82f2cca5-c8e0-4e82-8e3d-3d28bf784214	GET	/api/categories	http://localhost:3000
20220926	15:34:08	61035042-a13a-4912-b16e-35a4390b9102	GET	/api/subs	http://localhost:3000
20220926	15:34:08	0a2dcf9b-ccda-482e-8de6-3bc71e0343b5	POST	/api/products	http://localhost:3000
20220926	15:34:08	643c1813-82ac-4526-a2eb-48cef9f1edda	POST	/api/products	http://localhost:3000
20220926	15:34:08	7eab5f48-2c82-4170-8879-14475adb6907	GET	/api/products/total	http://localhost:3000
20220926	15:34:27	89a9751b-2aa5-46ae-8d5e-ad560d4479f6	OPTIONS	/api/current-user	http://localhost:3000
20220926	15:34:27	95d74b87-3216-483d-922b-670a6c3847eb	OPTIONS	/api/create-or-update-user	http://localhost:3000
20220926	15:34:27	167aaf75-f9ed-4721-a63a-c88255041225	POST	/api/current-user	http://localhost:3000
20220926	15:34:27	f9b45f67-5dd4-4e65-9517-e194a5ae48b2	POST	/api/create-or-update-user	http://localhost:3000
20220926	15:34:28	9593f4b6-781d-477c-a69c-0d2154618f21	OPTIONS	/api/user/orders	http://localhost:3000
20220926	15:34:28	0fe5572f-3e38-4b3d-a871-76ce28354cc7	GET	/api/user/orders	http://localhost:3000
